<?xml version="1.0" encoding="UTF-8"?>
<!DOCTYPE coverage SYSTEM "https://raw.githubusercontent.com/cobertura/cobertura/master/cobertura/src/site/htdocs/xml/coverage-04.dtd">
<coverage line-rate="0.967023172905526" branch-rate="0" lines-covered="1085" lines-valid="1122" branches-covered="0" branches-valid="0" complexity="0" version="3.6.4" timestamp="2024-03-23 06:20:41.665649">
  <sources>
    <source>/__w/stats4phc/stats4phc/stats4phc</source>
  </sources>
  <packages>
    <package name="stats4phc" line-rate="0.967023172905526" branch-rate="0" complexity="0">
      <classes>
        <class name="calibrationProfile.R" filename="R/calibrationProfile.R" line-rate="1" branch-rate="0" complexity="0">
          <methods>
            <method name="calibrationProfile" signature="" line-rate="1" branch-rate="0" complexity="0">
              <lines>
                <line number="101" hits="10" branch="false"/>
                <line number="102" hits="10" branch="false"/>
                <line number="103" hits="10" branch="false"/>
                <line number="104" hits="10" branch="false"/>
                <line number="105" hits="10" branch="false"/>
                <line number="106" hits="9" branch="false"/>
                <line number="108" hits="10" branch="false"/>
                <line number="109" hits="10" branch="false"/>
                <line number="110" hits="10" branch="false"/>
                <line number="111" hits="10" branch="false"/>
                <line number="112" hits="10" branch="false"/>
                <line number="113" hits="10" branch="false"/>
                <line number="115" hits="10" branch="false"/>
                <line number="116" hits="9" branch="false"/>
                <line number="118" hits="1" branch="false"/>
                <line number="122" hits="10" branch="false"/>
                <line number="125" hits="10" branch="false"/>
                <line number="126" hits="10" branch="false"/>
                <line number="127" hits="10" branch="false"/>
                <line number="130" hits="10" branch="false"/>
                <line number="131" hits="10" branch="false"/>
                <line number="132" hits="10" branch="false"/>
                <line number="133" hits="1" branch="false"/>
                <line number="137" hits="9" branch="false"/>
                <line number="138" hits="9" branch="false"/>
                <line number="139" hits="9" branch="false"/>
                <line number="142" hits="9" branch="false"/>
                <line number="143" hits="9" branch="false"/>
                <line number="146" hits="9" branch="false"/>
                <line number="147" hits="9" branch="false"/>
                <line number="148" hits="9" branch="false"/>
                <line number="149" hits="9" branch="false"/>
                <line number="150" hits="9" branch="false"/>
                <line number="151" hits="9" branch="false"/>
                <line number="154" hits="9" branch="false"/>
                <line number="155" hits="9" branch="false"/>
                <line number="158" hits="9" branch="false"/>
                <line number="161" hits="9" branch="false"/>
                <line number="164" hits="9" branch="false"/>
                <line number="165" hits="1" branch="false"/>
                <line number="166" hits="1" branch="false"/>
                <line number="167" hits="1" branch="false"/>
                <line number="168" hits="1" branch="false"/>
                <line number="169" hits="1" branch="false"/>
                <line number="171" hits="8" branch="false"/>
                <line number="175" hits="9" branch="false"/>
                <line number="176" hits="9" branch="false"/>
                <line number="177" hits="9" branch="false"/>
                <line number="178" hits="9" branch="false"/>
                <line number="179" hits="9" branch="false"/>
                <line number="180" hits="9" branch="false"/>
                <line number="181" hits="9" branch="false"/>
                <line number="182" hits="9" branch="false"/>
                <line number="183" hits="9" branch="false"/>
                <line number="184" hits="9" branch="false"/>
                <line number="185" hits="9" branch="false"/>
                <line number="186" hits="9" branch="false"/>
                <line number="187" hits="9" branch="false"/>
                <line number="188" hits="9" branch="false"/>
                <line number="189" hits="9" branch="false"/>
                <line number="190" hits="9" branch="false"/>
                <line number="191" hits="9" branch="false"/>
                <line number="192" hits="9" branch="false"/>
                <line number="193" hits="9" branch="false"/>
                <line number="196" hits="9" branch="false"/>
                <line number="197" hits="8" branch="false"/>
                <line number="198" hits="8" branch="false"/>
                <line number="199" hits="8" branch="false"/>
                <line number="200" hits="8" branch="false"/>
                <line number="201" hits="8" branch="false"/>
                <line number="202" hits="8" branch="false"/>
                <line number="206" hits="9" branch="false"/>
                <line number="207" hits="8" branch="false"/>
                <line number="208" hits="8" branch="false"/>
                <line number="209" hits="8" branch="false"/>
                <line number="210" hits="8" branch="false"/>
                <line number="211" hits="8" branch="false"/>
                <line number="212" hits="8" branch="false"/>
                <line number="213" hits="8" branch="false"/>
                <line number="214" hits="8" branch="false"/>
                <line number="218" hits="9" branch="false"/>
                <line number="219" hits="1" branch="false"/>
                <line number="220" hits="1" branch="false"/>
                <line number="221" hits="1" branch="false"/>
                <line number="222" hits="1" branch="false"/>
                <line number="223" hits="1" branch="false"/>
                <line number="224" hits="1" branch="false"/>
                <line number="225" hits="1" branch="false"/>
                <line number="226" hits="1" branch="false"/>
                <line number="227" hits="1" branch="false"/>
                <line number="228" hits="1" branch="false"/>
                <line number="229" hits="1" branch="false"/>
                <line number="230" hits="1" branch="false"/>
                <line number="231" hits="1" branch="false"/>
                <line number="232" hits="1" branch="false"/>
                <line number="236" hits="9" branch="false"/>
                <line number="237" hits="1" branch="false"/>
                <line number="238" hits="1" branch="false"/>
                <line number="239" hits="1" branch="false"/>
                <line number="240" hits="1" branch="false"/>
                <line number="241" hits="1" branch="false"/>
                <line number="242" hits="1" branch="false"/>
                <line number="243" hits="1" branch="false"/>
                <line number="244" hits="1" branch="false"/>
                <line number="245" hits="1" branch="false"/>
                <line number="246" hits="1" branch="false"/>
                <line number="247" hits="1" branch="false"/>
                <line number="251" hits="9" branch="false"/>
                <line number="252" hits="1" branch="false"/>
                <line number="253" hits="1" branch="false"/>
                <line number="254" hits="1" branch="false"/>
                <line number="255" hits="1" branch="false"/>
                <line number="256" hits="1" branch="false"/>
                <line number="257" hits="1" branch="false"/>
                <line number="258" hits="1" branch="false"/>
                <line number="259" hits="8" branch="false"/>
                <line number="260" hits="7" branch="false"/>
                <line number="261" hits="7" branch="false"/>
                <line number="262" hits="7" branch="false"/>
                <line number="263" hits="7" branch="false"/>
                <line number="265" hits="1" branch="false"/>
                <line number="269" hits="9" branch="false"/>
                <line number="270" hits="9" branch="false"/>
                <line number="271" hits="9" branch="false"/>
                <line number="272" hits="9" branch="false"/>
                <line number="273" hits="9" branch="false"/>
                <line number="274" hits="9" branch="false"/>
                <line number="275" hits="9" branch="false"/>
                <line number="276" hits="9" branch="false"/>
                <line number="277" hits="9" branch="false"/>
                <line number="278" hits="9" branch="false"/>
                <line number="279" hits="9" branch="false"/>
                <line number="280" hits="9" branch="false"/>
                <line number="281" hits="9" branch="false"/>
                <line number="282" hits="9" branch="false"/>
                <line number="283" hits="9" branch="false"/>
                <line number="284" hits="9" branch="false"/>
                <line number="285" hits="9" branch="false"/>
                <line number="286" hits="9" branch="false"/>
                <line number="287" hits="9" branch="false"/>
                <line number="288" hits="9" branch="false"/>
                <line number="289" hits="9" branch="false"/>
                <line number="290" hits="9" branch="false"/>
                <line number="291" hits="9" branch="false"/>
                <line number="294" hits="9" branch="false"/>
                <line number="295" hits="1" branch="false"/>
                <line number="298" hits="9" branch="false"/>
              </lines>
            </method>
          </methods>
          <lines>
            <line number="101" hits="10" branch="false"/>
            <line number="102" hits="10" branch="false"/>
            <line number="103" hits="10" branch="false"/>
            <line number="104" hits="10" branch="false"/>
            <line number="105" hits="10" branch="false"/>
            <line number="106" hits="9" branch="false"/>
            <line number="108" hits="10" branch="false"/>
            <line number="109" hits="10" branch="false"/>
            <line number="110" hits="10" branch="false"/>
            <line number="111" hits="10" branch="false"/>
            <line number="112" hits="10" branch="false"/>
            <line number="113" hits="10" branch="false"/>
            <line number="115" hits="10" branch="false"/>
            <line number="116" hits="9" branch="false"/>
            <line number="118" hits="1" branch="false"/>
            <line number="122" hits="10" branch="false"/>
            <line number="125" hits="10" branch="false"/>
            <line number="126" hits="10" branch="false"/>
            <line number="127" hits="10" branch="false"/>
            <line number="130" hits="10" branch="false"/>
            <line number="131" hits="10" branch="false"/>
            <line number="132" hits="10" branch="false"/>
            <line number="133" hits="1" branch="false"/>
            <line number="137" hits="9" branch="false"/>
            <line number="138" hits="9" branch="false"/>
            <line number="139" hits="9" branch="false"/>
            <line number="142" hits="9" branch="false"/>
            <line number="143" hits="9" branch="false"/>
            <line number="146" hits="9" branch="false"/>
            <line number="147" hits="9" branch="false"/>
            <line number="148" hits="9" branch="false"/>
            <line number="149" hits="9" branch="false"/>
            <line number="150" hits="9" branch="false"/>
            <line number="151" hits="9" branch="false"/>
            <line number="154" hits="9" branch="false"/>
            <line number="155" hits="9" branch="false"/>
            <line number="158" hits="9" branch="false"/>
            <line number="161" hits="9" branch="false"/>
            <line number="164" hits="9" branch="false"/>
            <line number="165" hits="1" branch="false"/>
            <line number="166" hits="1" branch="false"/>
            <line number="167" hits="1" branch="false"/>
            <line number="168" hits="1" branch="false"/>
            <line number="169" hits="1" branch="false"/>
            <line number="171" hits="8" branch="false"/>
            <line number="175" hits="9" branch="false"/>
            <line number="176" hits="9" branch="false"/>
            <line number="177" hits="9" branch="false"/>
            <line number="178" hits="9" branch="false"/>
            <line number="179" hits="9" branch="false"/>
            <line number="180" hits="9" branch="false"/>
            <line number="181" hits="9" branch="false"/>
            <line number="182" hits="9" branch="false"/>
            <line number="183" hits="9" branch="false"/>
            <line number="184" hits="9" branch="false"/>
            <line number="185" hits="9" branch="false"/>
            <line number="186" hits="9" branch="false"/>
            <line number="187" hits="9" branch="false"/>
            <line number="188" hits="9" branch="false"/>
            <line number="189" hits="9" branch="false"/>
            <line number="190" hits="9" branch="false"/>
            <line number="191" hits="9" branch="false"/>
            <line number="192" hits="9" branch="false"/>
            <line number="193" hits="9" branch="false"/>
            <line number="196" hits="9" branch="false"/>
            <line number="197" hits="8" branch="false"/>
            <line number="198" hits="8" branch="false"/>
            <line number="199" hits="8" branch="false"/>
            <line number="200" hits="8" branch="false"/>
            <line number="201" hits="8" branch="false"/>
            <line number="202" hits="8" branch="false"/>
            <line number="206" hits="9" branch="false"/>
            <line number="207" hits="8" branch="false"/>
            <line number="208" hits="8" branch="false"/>
            <line number="209" hits="8" branch="false"/>
            <line number="210" hits="8" branch="false"/>
            <line number="211" hits="8" branch="false"/>
            <line number="212" hits="8" branch="false"/>
            <line number="213" hits="8" branch="false"/>
            <line number="214" hits="8" branch="false"/>
            <line number="218" hits="9" branch="false"/>
            <line number="219" hits="1" branch="false"/>
            <line number="220" hits="1" branch="false"/>
            <line number="221" hits="1" branch="false"/>
            <line number="222" hits="1" branch="false"/>
            <line number="223" hits="1" branch="false"/>
            <line number="224" hits="1" branch="false"/>
            <line number="225" hits="1" branch="false"/>
            <line number="226" hits="1" branch="false"/>
            <line number="227" hits="1" branch="false"/>
            <line number="228" hits="1" branch="false"/>
            <line number="229" hits="1" branch="false"/>
            <line number="230" hits="1" branch="false"/>
            <line number="231" hits="1" branch="false"/>
            <line number="232" hits="1" branch="false"/>
            <line number="236" hits="9" branch="false"/>
            <line number="237" hits="1" branch="false"/>
            <line number="238" hits="1" branch="false"/>
            <line number="239" hits="1" branch="false"/>
            <line number="240" hits="1" branch="false"/>
            <line number="241" hits="1" branch="false"/>
            <line number="242" hits="1" branch="false"/>
            <line number="243" hits="1" branch="false"/>
            <line number="244" hits="1" branch="false"/>
            <line number="245" hits="1" branch="false"/>
            <line number="246" hits="1" branch="false"/>
            <line number="247" hits="1" branch="false"/>
            <line number="251" hits="9" branch="false"/>
            <line number="252" hits="1" branch="false"/>
            <line number="253" hits="1" branch="false"/>
            <line number="254" hits="1" branch="false"/>
            <line number="255" hits="1" branch="false"/>
            <line number="256" hits="1" branch="false"/>
            <line number="257" hits="1" branch="false"/>
            <line number="258" hits="1" branch="false"/>
            <line number="259" hits="8" branch="false"/>
            <line number="260" hits="7" branch="false"/>
            <line number="261" hits="7" branch="false"/>
            <line number="262" hits="7" branch="false"/>
            <line number="263" hits="7" branch="false"/>
            <line number="265" hits="1" branch="false"/>
            <line number="269" hits="9" branch="false"/>
            <line number="270" hits="9" branch="false"/>
            <line number="271" hits="9" branch="false"/>
            <line number="272" hits="9" branch="false"/>
            <line number="273" hits="9" branch="false"/>
            <line number="274" hits="9" branch="false"/>
            <line number="275" hits="9" branch="false"/>
            <line number="276" hits="9" branch="false"/>
            <line number="277" hits="9" branch="false"/>
            <line number="278" hits="9" branch="false"/>
            <line number="279" hits="9" branch="false"/>
            <line number="280" hits="9" branch="false"/>
            <line number="281" hits="9" branch="false"/>
            <line number="282" hits="9" branch="false"/>
            <line number="283" hits="9" branch="false"/>
            <line number="284" hits="9" branch="false"/>
            <line number="285" hits="9" branch="false"/>
            <line number="286" hits="9" branch="false"/>
            <line number="287" hits="9" branch="false"/>
            <line number="288" hits="9" branch="false"/>
            <line number="289" hits="9" branch="false"/>
            <line number="290" hits="9" branch="false"/>
            <line number="291" hits="9" branch="false"/>
            <line number="294" hits="9" branch="false"/>
            <line number="295" hits="1" branch="false"/>
            <line number="298" hits="9" branch="false"/>
          </lines>
        </class>
        <class name="getEstimates.R" filename="R/getEstimates.R" line-rate="0.9" branch-rate="0" complexity="0">
          <methods>
            <method name="checkBinsQuantiles" signature="" line-rate="1" branch-rate="0" complexity="0">
              <lines>
                <line number="5" hits="15" branch="false"/>
                <line number="6" hits="15" branch="false"/>
                <line number="7" hits="15" branch="false"/>
                <line number="8" hits="15" branch="false"/>
                <line number="9" hits="15" branch="false"/>
                <line number="10" hits="15" branch="false"/>
                <line number="11" hits="15" branch="false"/>
                <line number="12" hits="15" branch="false"/>
                <line number="15" hits="15" branch="false"/>
                <line number="16" hits="1" branch="false"/>
                <line number="19" hits="14" branch="false"/>
                <line number="20" hits="5" branch="false"/>
                <line number="24" hits="14" branch="false"/>
                <line number="25" hits="4" branch="false"/>
                <line number="26" hits="1" branch="false"/>
                <line number="28" hits="3" branch="false"/>
                <line number="29" hits="1" branch="false"/>
                <line number="34" hits="12" branch="false"/>
                <line number="35" hits="1" branch="false"/>
                <line number="39" hits="11" branch="false"/>
                <line number="40" hits="11" branch="false"/>
                <line number="41" hits="1" branch="false"/>
                <line number="42" hits="1" branch="false"/>
                <line number="43" hits="1" branch="false"/>
                <line number="44" hits="1" branch="false"/>
                <line number="45" hits="1" branch="false"/>
                <line number="46" hits="1" branch="false"/>
                <line number="47" hits="1" branch="false"/>
                <line number="49" hits="11" branch="false"/>
                <line number="50" hits="1" branch="false"/>
                <line number="51" hits="1" branch="false"/>
                <line number="52" hits="1" branch="false"/>
                <line number="53" hits="1" branch="false"/>
                <line number="54" hits="1" branch="false"/>
                <line number="55" hits="1" branch="false"/>
                <line number="56" hits="1" branch="false"/>
                <line number="58" hits="11" branch="false"/>
                <line number="59" hits="1" branch="false"/>
                <line number="60" hits="1" branch="false"/>
                <line number="61" hits="1" branch="false"/>
                <line number="62" hits="1" branch="false"/>
                <line number="65" hits="11" branch="false"/>
              </lines>
            </method>
            <method name="checkErrorbarSem" signature="" line-rate="1" branch-rate="0" complexity="0">
              <lines>
                <line number="71" hits="7" branch="false"/>
                <line number="72" hits="7" branch="false"/>
                <line number="73" hits="7" branch="false"/>
                <line number="74" hits="7" branch="false"/>
                <line number="75" hits="7" branch="false"/>
                <line number="76" hits="2" branch="false"/>
                <line number="78" hits="7" branch="false"/>
              </lines>
            </method>
            <method name="getBINNEDest" signature="" line-rate="1" branch-rate="0" complexity="0">
              <lines>
                <line number="119" hits="7" branch="false"/>
                <line number="120" hits="7" branch="false"/>
                <line number="121" hits="7" branch="false"/>
                <line number="122" hits="7" branch="false"/>
                <line number="125" hits="7" branch="false"/>
                <line number="128" hits="7" branch="false"/>
                <line number="129" hits="7" branch="false"/>
                <line number="130" hits="7" branch="false"/>
                <line number="131" hits="7" branch="false"/>
                <line number="132" hits="7" branch="false"/>
                <line number="134" hits="7" branch="false"/>
                <line number="135" hits="2" branch="false"/>
                <line number="136" hits="2" branch="false"/>
                <line number="137" hits="2" branch="false"/>
                <line number="138" hits="2" branch="false"/>
                <line number="139" hits="2" branch="false"/>
                <line number="141" hits="5" branch="false"/>
                <line number="145" hits="7" branch="false"/>
                <line number="146" hits="7" branch="false"/>
                <line number="147" hits="7" branch="false"/>
                <line number="148" hits="7" branch="false"/>
                <line number="149" hits="7" branch="false"/>
                <line number="150" hits="7" branch="false"/>
                <line number="151" hits="7" branch="false"/>
                <line number="153" hits="7" branch="false"/>
              </lines>
            </method>
            <method name="getSummaries" signature="" line-rate="0.977777777777778" branch-rate="0" complexity="0">
              <lines>
                <line number="201" hits="16" branch="false"/>
                <line number="202" hits="16" branch="false"/>
                <line number="203" hits="16" branch="false"/>
                <line number="204" hits="16" branch="false"/>
                <line number="205" hits="16" branch="false"/>
                <line number="207" hits="15" branch="false"/>
                <line number="209" hits="15" branch="false"/>
                <line number="210" hits="12" branch="false"/>
                <line number="212" hits="3" branch="false"/>
                <line number="213" hits="0" branch="false"/>
                <line number="215" hits="3" branch="false"/>
                <line number="216" hits="2" branch="false"/>
                <line number="219" hits="1" branch="false"/>
                <line number="223" hits="14" branch="false"/>
                <line number="226" hits="14" branch="false"/>
                <line number="227" hits="14" branch="false"/>
                <line number="228" hits="14" branch="false"/>
                <line number="229" hits="14" branch="false"/>
                <line number="230" hits="14" branch="false"/>
                <line number="231" hits="14" branch="false"/>
                <line number="232" hits="14" branch="false"/>
                <line number="235" hits="14" branch="false"/>
                <line number="236" hits="14" branch="false"/>
                <line number="237" hits="14" branch="false"/>
                <line number="238" hits="14" branch="false"/>
                <line number="239" hits="14" branch="false"/>
                <line number="240" hits="14" branch="false"/>
                <line number="241" hits="14" branch="false"/>
                <line number="242" hits="14" branch="false"/>
                <line number="243" hits="14" branch="false"/>
                <line number="244" hits="14" branch="false"/>
                <line number="247" hits="14" branch="false"/>
                <line number="248" hits="14" branch="false"/>
                <line number="249" hits="14" branch="false"/>
                <line number="250" hits="14" branch="false"/>
                <line number="251" hits="14" branch="false"/>
                <line number="252" hits="14" branch="false"/>
                <line number="253" hits="14" branch="false"/>
                <line number="254" hits="14" branch="false"/>
                <line number="255" hits="14" branch="false"/>
                <line number="256" hits="14" branch="false"/>
                <line number="257" hits="14" branch="false"/>
                <line number="258" hits="14" branch="false"/>
                <line number="261" hits="14" branch="false"/>
                <line number="263" hits="14" branch="false"/>
              </lines>
            </method>
            <method name="getERRORest" signature="" line-rate="1" branch-rate="0" complexity="0">
              <lines>
                <line number="270" hits="2" branch="false"/>
                <line number="271" hits="2" branch="false"/>
                <line number="272" hits="2" branch="false"/>
                <line number="273" hits="2" branch="false"/>
                <line number="275" hits="2" branch="false"/>
                <line number="276" hits="2" branch="false"/>
                <line number="277" hits="2" branch="false"/>
                <line number="278" hits="2" branch="false"/>
                <line number="279" hits="2" branch="false"/>
                <line number="280" hits="2" branch="false"/>
                <line number="281" hits="2" branch="false"/>
                <line number="282" hits="2" branch="false"/>
                <line number="283" hits="2" branch="false"/>
              </lines>
            </method>
            <method name="getPAVAest" signature="" line-rate="0.842105263157895" branch-rate="0" complexity="0">
              <lines>
                <line number="326" hits="5" branch="false"/>
                <line number="327" hits="5" branch="false"/>
                <line number="328" hits="5" branch="false"/>
                <line number="329" hits="5" branch="false"/>
                <line number="330" hits="5" branch="false"/>
                <line number="331" hits="5" branch="false"/>
                <line number="332" hits="5" branch="false"/>
                <line number="333" hits="5" branch="false"/>
                <line number="334" hits="5" branch="false"/>
                <line number="335" hits="5" branch="false"/>
                <line number="336" hits="5" branch="false"/>
                <line number="337" hits="5" branch="false"/>
                <line number="338" hits="5" branch="false"/>
                <line number="339" hits="5" branch="false"/>
                <line number="340" hits="5" branch="false"/>
                <line number="341" hits="5" branch="false"/>
                <line number="342" hits="5" branch="false"/>
                <line number="343" hits="5" branch="false"/>
                <line number="344" hits="5" branch="false"/>
                <line number="345" hits="5" branch="false"/>
                <line number="346" hits="5" branch="false"/>
                <line number="347" hits="5" branch="false"/>
                <line number="348" hits="5" branch="false"/>
                <line number="349" hits="5" branch="false"/>
                <line number="351" hits="5" branch="false"/>
                <line number="354" hits="5" branch="false"/>
                <line number="355" hits="5" branch="false"/>
                <line number="356" hits="5" branch="false"/>
                <line number="357" hits="5" branch="false"/>
                <line number="358" hits="5" branch="false"/>
                <line number="359" hits="0" branch="false"/>
                <line number="360" hits="0" branch="false"/>
                <line number="361" hits="0" branch="false"/>
                <line number="362" hits="0" branch="false"/>
                <line number="363" hits="0" branch="false"/>
                <line number="364" hits="0" branch="false"/>
                <line number="366" hits="5" branch="false"/>
                <line number="369" hits="5" branch="false"/>
              </lines>
            </method>
            <method name="getConstraints" signature="" line-rate="0.361702127659574" branch-rate="0" complexity="0">
              <lines>
                <line number="400" hits="1" branch="false"/>
                <line number="401" hits="1" branch="false"/>
                <line number="403" hits="1" branch="false"/>
                <line number="405" hits="0" branch="false"/>
                <line number="406" hits="0" branch="false"/>
                <line number="407" hits="0" branch="false"/>
                <line number="408" hits="0" branch="false"/>
                <line number="409" hits="0" branch="false"/>
                <line number="411" hits="1" branch="false"/>
                <line number="412" hits="0" branch="false"/>
                <line number="413" hits="0" branch="false"/>
                <line number="414" hits="0" branch="false"/>
                <line number="415" hits="0" branch="false"/>
                <line number="416" hits="0" branch="false"/>
                <line number="417" hits="0" branch="false"/>
                <line number="418" hits="0" branch="false"/>
                <line number="419" hits="0" branch="false"/>
                <line number="421" hits="1" branch="false"/>
                <line number="422" hits="0" branch="false"/>
                <line number="423" hits="0" branch="false"/>
                <line number="424" hits="0" branch="false"/>
                <line number="425" hits="0" branch="false"/>
                <line number="426" hits="0" branch="false"/>
                <line number="427" hits="0" branch="false"/>
                <line number="428" hits="0" branch="false"/>
                <line number="429" hits="0" branch="false"/>
                <line number="433" hits="1" branch="false"/>
                <line number="434" hits="1" branch="false"/>
                <line number="435" hits="1" branch="false"/>
                <line number="436" hits="1" branch="false"/>
                <line number="438" hits="1" branch="false"/>
                <line number="439" hits="0" branch="false"/>
                <line number="440" hits="0" branch="false"/>
                <line number="441" hits="0" branch="false"/>
                <line number="443" hits="1" branch="false"/>
                <line number="444" hits="1" branch="false"/>
                <line number="445" hits="1" branch="false"/>
                <line number="446" hits="1" branch="false"/>
                <line number="449" hits="1" branch="false"/>
                <line number="450" hits="0" branch="false"/>
                <line number="451" hits="0" branch="false"/>
                <line number="452" hits="0" branch="false"/>
                <line number="455" hits="1" branch="false"/>
                <line number="456" hits="0" branch="false"/>
                <line number="457" hits="0" branch="false"/>
                <line number="458" hits="0" branch="false"/>
                <line number="462" hits="1" branch="false"/>
              </lines>
            </method>
            <method name="getGAMest" signature="" line-rate="1" branch-rate="0" complexity="0">
              <lines>
                <line number="504" hits="23" branch="false"/>
                <line number="505" hits="23" branch="false"/>
                <line number="506" hits="23" branch="false"/>
                <line number="507" hits="23" branch="false"/>
                <line number="508" hits="23" branch="false"/>
                <line number="509" hits="23" branch="false"/>
                <line number="510" hits="23" branch="false"/>
                <line number="512" hits="23" branch="false"/>
                <line number="513" hits="23" branch="false"/>
                <line number="516" hits="23" branch="false"/>
                <line number="518" hits="23" branch="false"/>
                <line number="519" hits="1" branch="false"/>
                <line number="520" hits="22" branch="false"/>
                <line number="521" hits="15" branch="false"/>
                <line number="522" hits="7" branch="false"/>
                <line number="523" hits="1" branch="false"/>
                <line number="525" hits="6" branch="false"/>
                <line number="528" hits="23" branch="false"/>
                <line number="530" hits="23" branch="false"/>
                <line number="532" hits="23" branch="false"/>
              </lines>
            </method>
            <method name="getCGAMest" signature="" line-rate="1" branch-rate="0" complexity="0">
              <lines>
                <line number="572" hits="3" branch="false"/>
                <line number="573" hits="3" branch="false"/>
                <line number="574" hits="3" branch="false"/>
                <line number="575" hits="3" branch="false"/>
                <line number="576" hits="3" branch="false"/>
                <line number="577" hits="3" branch="false"/>
                <line number="579" hits="3" branch="false"/>
                <line number="580" hits="3" branch="false"/>
                <line number="583" hits="3" branch="false"/>
                <line number="585" hits="3" branch="false"/>
                <line number="586" hits="3" branch="false"/>
                <line number="587" hits="3" branch="false"/>
                <line number="588" hits="3" branch="false"/>
                <line number="589" hits="3" branch="false"/>
                <line number="590" hits="3" branch="false"/>
                <line number="591" hits="3" branch="false"/>
                <line number="592" hits="3" branch="false"/>
                <line number="593" hits="3" branch="false"/>
                <line number="594" hits="3" branch="false"/>
                <line number="596" hits="3" branch="false"/>
                <line number="598" hits="3" branch="false"/>
                <line number="600" hits="3" branch="false"/>
              </lines>
            </method>
            <method name="mspline" signature="" line-rate="1" branch-rate="0" complexity="0">
              <lines>
                <line number="615" hits="6" branch="false"/>
                <line number="616" hits="6" branch="false"/>
                <line number="617" hits="6" branch="false"/>
                <line number="619" hits="6" branch="false"/>
                <line number="620" hits="6" branch="false"/>
                <line number="621" hits="6" branch="false"/>
                <line number="622" hits="6" branch="false"/>
                <line number="623" hits="6" branch="false"/>
                <line number="624" hits="6" branch="false"/>
                <line number="625" hits="6" branch="false"/>
                <line number="626" hits="6" branch="false"/>
                <line number="627" hits="6" branch="false"/>
                <line number="628" hits="6" branch="false"/>
                <line number="630" hits="6" branch="false"/>
                <line number="631" hits="6" branch="false"/>
              </lines>
            </method>
            <method name="predict.mspline" signature="" line-rate="1" branch-rate="0" complexity="0">
              <lines>
                <line number="637" hits="6" branch="false"/>
              </lines>
            </method>
            <method name="getMSPLINEest" signature="" line-rate="1" branch-rate="0" complexity="0">
              <lines>
                <line number="669" hits="6" branch="false"/>
                <line number="670" hits="6" branch="false"/>
                <line number="671" hits="6" branch="false"/>
                <line number="672" hits="6" branch="false"/>
                <line number="674" hits="6" branch="false"/>
                <line number="676" hits="6" branch="false"/>
                <line number="677" hits="6" branch="false"/>
                <line number="679" hits="6" branch="false"/>
                <line number="680" hits="1" branch="false"/>
                <line number="681" hits="1" branch="false"/>
                <line number="683" hits="5" branch="false"/>
                <line number="684" hits="5" branch="false"/>
                <line number="687" hits="6" branch="false"/>
                <line number="688" hits="6" branch="false"/>
                <line number="690" hits="6" branch="false"/>
              </lines>
            </method>
            <method name="getASISest" signature="" line-rate="1" branch-rate="0" complexity="0">
              <lines>
                <line number="718" hits="17" branch="false"/>
                <line number="719" hits="17" branch="false"/>
                <line number="720" hits="17" branch="false"/>
                <line number="721" hits="17" branch="false"/>
                <line number="722" hits="17" branch="false"/>
                <line number="723" hits="17" branch="false"/>
                <line number="724" hits="17" branch="false"/>
                <line number="725" hits="17" branch="false"/>
                <line number="726" hits="17" branch="false"/>
                <line number="727" hits="17" branch="false"/>
              </lines>
            </method>
            <method name="getEsts" signature="" line-rate="1" branch-rate="0" complexity="0">
              <lines>
                <line number="737" hits="41" branch="false"/>
                <line number="740" hits="38" branch="false"/>
                <line number="743" hits="38" branch="false"/>
                <line number="746" hits="36" branch="false"/>
                <line number="747" hits="36" branch="false"/>
                <line number="748" hits="36" branch="false"/>
                <line number="749" hits="36" branch="false"/>
                <line number="750" hits="36" branch="false"/>
                <line number="753" hits="36" branch="false"/>
                <line number="754" hits="36" branch="false"/>
                <line number="757" hits="36" branch="false"/>
                <line number="758" hits="36" branch="false"/>
                <line number="759" hits="35" branch="false"/>
                <line number="763" hits="36" branch="false"/>
                <line number="764" hits="36" branch="false"/>
                <line number="765" hits="36" branch="false"/>
                <line number="768" hits="36" branch="false"/>
                <line number="769" hits="1" branch="false"/>
                <line number="772" hits="35" branch="false"/>
                <line number="773" hits="35" branch="false"/>
                <line number="774" hits="35" branch="false"/>
                <line number="775" hits="35" branch="false"/>
                <line number="776" hits="35" branch="false"/>
                <line number="777" hits="35" branch="false"/>
                <line number="778" hits="35" branch="false"/>
              </lines>
            </method>
            <method name="est.funs" signature="" line-rate="1" branch-rate="0" complexity="0">
              <lines>
                <line number="783" hits="104" branch="false"/>
                <line number="784" hits="104" branch="false"/>
                <line number="785" hits="104" branch="false"/>
                <line number="786" hits="104" branch="false"/>
                <line number="787" hits="104" branch="false"/>
                <line number="788" hits="104" branch="false"/>
                <line number="789" hits="104" branch="false"/>
                <line number="790" hits="104" branch="false"/>
              </lines>
            </method>
            <method name="getEst" signature="" line-rate="1" branch-rate="0" complexity="0">
              <lines>
                <line number="795" hits="54" branch="false"/>
              </lines>
            </method>
            <method name="getEst.list" signature="" line-rate="1" branch-rate="0" complexity="0">
              <lines>
                <line number="800" hits="14" branch="false"/>
                <line number="801" hits="14" branch="false"/>
                <line number="802" hits="14" branch="false"/>
                <line number="803" hits="14" branch="false"/>
              </lines>
            </method>
            <method name="getEst.character" signature="" line-rate="1" branch-rate="0" complexity="0">
              <lines>
                <line number="808" hits="36" branch="false"/>
                <line number="809" hits="36" branch="false"/>
                <line number="810" hits="36" branch="false"/>
                <line number="811" hits="36" branch="false"/>
              </lines>
            </method>
            <method name="getEst.function" signature="" line-rate="1" branch-rate="0" complexity="0">
              <lines>
                <line number="818" hits="4" branch="false"/>
                <line number="821" hits="4" branch="false"/>
                <line number="822" hits="4" branch="false"/>
                <line number="823" hits="4" branch="false"/>
                <line number="824" hits="1" branch="false"/>
                <line number="825" hits="1" branch="false"/>
                <line number="826" hits="1" branch="false"/>
                <line number="827" hits="1" branch="false"/>
                <line number="828" hits="1" branch="false"/>
                <line number="829" hits="1" branch="false"/>
                <line number="830" hits="1" branch="false"/>
                <line number="831" hits="1" branch="false"/>
                <line number="832" hits="1" branch="false"/>
                <line number="835" hits="3" branch="false"/>
                <line number="836" hits="3" branch="false"/>
                <line number="837" hits="1" branch="false"/>
                <line number="838" hits="1" branch="false"/>
                <line number="839" hits="1" branch="false"/>
                <line number="840" hits="1" branch="false"/>
                <line number="841" hits="1" branch="false"/>
                <line number="842" hits="1" branch="false"/>
                <line number="843" hits="1" branch="false"/>
                <line number="846" hits="2" branch="false"/>
              </lines>
            </method>
            <method name="getEstMethod" signature="" line-rate="1" branch-rate="0" complexity="0">
              <lines>
                <line number="851" hits="67" branch="false"/>
              </lines>
            </method>
            <method name="getEstMethod.character" signature="" line-rate="1" branch-rate="0" complexity="0">
              <lines>
                <line number="856" hits="43" branch="false"/>
              </lines>
            </method>
            <method name="getEstMethod.list" signature="" line-rate="1" branch-rate="0" complexity="0">
              <lines>
                <line number="861" hits="19" branch="false"/>
              </lines>
            </method>
            <method name="getEstMethod.function" signature="" line-rate="1" branch-rate="0" complexity="0">
              <lines>
                <line number="866" hits="5" branch="false"/>
              </lines>
            </method>
            <method name="getEstMethods" signature="" line-rate="1" branch-rate="0" complexity="0">
              <lines>
                <line number="870" hits="48" branch="false"/>
              </lines>
            </method>
          </methods>
          <lines>
            <line number="5" hits="15" branch="false"/>
            <line number="6" hits="15" branch="false"/>
            <line number="7" hits="15" branch="false"/>
            <line number="8" hits="15" branch="false"/>
            <line number="9" hits="15" branch="false"/>
            <line number="10" hits="15" branch="false"/>
            <line number="11" hits="15" branch="false"/>
            <line number="12" hits="15" branch="false"/>
            <line number="15" hits="15" branch="false"/>
            <line number="16" hits="1" branch="false"/>
            <line number="19" hits="14" branch="false"/>
            <line number="20" hits="5" branch="false"/>
            <line number="24" hits="14" branch="false"/>
            <line number="25" hits="4" branch="false"/>
            <line number="26" hits="1" branch="false"/>
            <line number="28" hits="3" branch="false"/>
            <line number="29" hits="1" branch="false"/>
            <line number="34" hits="12" branch="false"/>
            <line number="35" hits="1" branch="false"/>
            <line number="39" hits="11" branch="false"/>
            <line number="40" hits="11" branch="false"/>
            <line number="41" hits="1" branch="false"/>
            <line number="42" hits="1" branch="false"/>
            <line number="43" hits="1" branch="false"/>
            <line number="44" hits="1" branch="false"/>
            <line number="45" hits="1" branch="false"/>
            <line number="46" hits="1" branch="false"/>
            <line number="47" hits="1" branch="false"/>
            <line number="49" hits="11" branch="false"/>
            <line number="50" hits="1" branch="false"/>
            <line number="51" hits="1" branch="false"/>
            <line number="52" hits="1" branch="false"/>
            <line number="53" hits="1" branch="false"/>
            <line number="54" hits="1" branch="false"/>
            <line number="55" hits="1" branch="false"/>
            <line number="56" hits="1" branch="false"/>
            <line number="58" hits="11" branch="false"/>
            <line number="59" hits="1" branch="false"/>
            <line number="60" hits="1" branch="false"/>
            <line number="61" hits="1" branch="false"/>
            <line number="62" hits="1" branch="false"/>
            <line number="65" hits="11" branch="false"/>
            <line number="71" hits="7" branch="false"/>
            <line number="72" hits="7" branch="false"/>
            <line number="73" hits="7" branch="false"/>
            <line number="74" hits="7" branch="false"/>
            <line number="75" hits="7" branch="false"/>
            <line number="76" hits="2" branch="false"/>
            <line number="78" hits="7" branch="false"/>
            <line number="119" hits="7" branch="false"/>
            <line number="120" hits="7" branch="false"/>
            <line number="121" hits="7" branch="false"/>
            <line number="122" hits="7" branch="false"/>
            <line number="125" hits="7" branch="false"/>
            <line number="128" hits="7" branch="false"/>
            <line number="129" hits="7" branch="false"/>
            <line number="130" hits="7" branch="false"/>
            <line number="131" hits="7" branch="false"/>
            <line number="132" hits="7" branch="false"/>
            <line number="134" hits="7" branch="false"/>
            <line number="135" hits="2" branch="false"/>
            <line number="136" hits="2" branch="false"/>
            <line number="137" hits="2" branch="false"/>
            <line number="138" hits="2" branch="false"/>
            <line number="139" hits="2" branch="false"/>
            <line number="141" hits="5" branch="false"/>
            <line number="145" hits="7" branch="false"/>
            <line number="146" hits="7" branch="false"/>
            <line number="147" hits="7" branch="false"/>
            <line number="148" hits="7" branch="false"/>
            <line number="149" hits="7" branch="false"/>
            <line number="150" hits="7" branch="false"/>
            <line number="151" hits="7" branch="false"/>
            <line number="153" hits="7" branch="false"/>
            <line number="201" hits="16" branch="false"/>
            <line number="202" hits="16" branch="false"/>
            <line number="203" hits="16" branch="false"/>
            <line number="204" hits="16" branch="false"/>
            <line number="205" hits="16" branch="false"/>
            <line number="207" hits="15" branch="false"/>
            <line number="209" hits="15" branch="false"/>
            <line number="210" hits="12" branch="false"/>
            <line number="212" hits="3" branch="false"/>
            <line number="213" hits="0" branch="false"/>
            <line number="215" hits="3" branch="false"/>
            <line number="216" hits="2" branch="false"/>
            <line number="219" hits="1" branch="false"/>
            <line number="223" hits="14" branch="false"/>
            <line number="226" hits="14" branch="false"/>
            <line number="227" hits="14" branch="false"/>
            <line number="228" hits="14" branch="false"/>
            <line number="229" hits="14" branch="false"/>
            <line number="230" hits="14" branch="false"/>
            <line number="231" hits="14" branch="false"/>
            <line number="232" hits="14" branch="false"/>
            <line number="235" hits="14" branch="false"/>
            <line number="236" hits="14" branch="false"/>
            <line number="237" hits="14" branch="false"/>
            <line number="238" hits="14" branch="false"/>
            <line number="239" hits="14" branch="false"/>
            <line number="240" hits="14" branch="false"/>
            <line number="241" hits="14" branch="false"/>
            <line number="242" hits="14" branch="false"/>
            <line number="243" hits="14" branch="false"/>
            <line number="244" hits="14" branch="false"/>
            <line number="247" hits="14" branch="false"/>
            <line number="248" hits="14" branch="false"/>
            <line number="249" hits="14" branch="false"/>
            <line number="250" hits="14" branch="false"/>
            <line number="251" hits="14" branch="false"/>
            <line number="252" hits="14" branch="false"/>
            <line number="253" hits="14" branch="false"/>
            <line number="254" hits="14" branch="false"/>
            <line number="255" hits="14" branch="false"/>
            <line number="256" hits="14" branch="false"/>
            <line number="257" hits="14" branch="false"/>
            <line number="258" hits="14" branch="false"/>
            <line number="261" hits="14" branch="false"/>
            <line number="263" hits="14" branch="false"/>
            <line number="270" hits="2" branch="false"/>
            <line number="271" hits="2" branch="false"/>
            <line number="272" hits="2" branch="false"/>
            <line number="273" hits="2" branch="false"/>
            <line number="275" hits="2" branch="false"/>
            <line number="276" hits="2" branch="false"/>
            <line number="277" hits="2" branch="false"/>
            <line number="278" hits="2" branch="false"/>
            <line number="279" hits="2" branch="false"/>
            <line number="280" hits="2" branch="false"/>
            <line number="281" hits="2" branch="false"/>
            <line number="282" hits="2" branch="false"/>
            <line number="283" hits="2" branch="false"/>
            <line number="326" hits="5" branch="false"/>
            <line number="327" hits="5" branch="false"/>
            <line number="328" hits="5" branch="false"/>
            <line number="329" hits="5" branch="false"/>
            <line number="330" hits="5" branch="false"/>
            <line number="331" hits="5" branch="false"/>
            <line number="332" hits="5" branch="false"/>
            <line number="333" hits="5" branch="false"/>
            <line number="334" hits="5" branch="false"/>
            <line number="335" hits="5" branch="false"/>
            <line number="336" hits="5" branch="false"/>
            <line number="337" hits="5" branch="false"/>
            <line number="338" hits="5" branch="false"/>
            <line number="339" hits="5" branch="false"/>
            <line number="340" hits="5" branch="false"/>
            <line number="341" hits="5" branch="false"/>
            <line number="342" hits="5" branch="false"/>
            <line number="343" hits="5" branch="false"/>
            <line number="344" hits="5" branch="false"/>
            <line number="345" hits="5" branch="false"/>
            <line number="346" hits="5" branch="false"/>
            <line number="347" hits="5" branch="false"/>
            <line number="348" hits="5" branch="false"/>
            <line number="349" hits="5" branch="false"/>
            <line number="351" hits="5" branch="false"/>
            <line number="354" hits="5" branch="false"/>
            <line number="355" hits="5" branch="false"/>
            <line number="356" hits="5" branch="false"/>
            <line number="357" hits="5" branch="false"/>
            <line number="358" hits="5" branch="false"/>
            <line number="359" hits="0" branch="false"/>
            <line number="360" hits="0" branch="false"/>
            <line number="361" hits="0" branch="false"/>
            <line number="362" hits="0" branch="false"/>
            <line number="363" hits="0" branch="false"/>
            <line number="364" hits="0" branch="false"/>
            <line number="366" hits="5" branch="false"/>
            <line number="369" hits="5" branch="false"/>
            <line number="400" hits="1" branch="false"/>
            <line number="401" hits="1" branch="false"/>
            <line number="403" hits="1" branch="false"/>
            <line number="405" hits="0" branch="false"/>
            <line number="406" hits="0" branch="false"/>
            <line number="407" hits="0" branch="false"/>
            <line number="408" hits="0" branch="false"/>
            <line number="409" hits="0" branch="false"/>
            <line number="411" hits="1" branch="false"/>
            <line number="412" hits="0" branch="false"/>
            <line number="413" hits="0" branch="false"/>
            <line number="414" hits="0" branch="false"/>
            <line number="415" hits="0" branch="false"/>
            <line number="416" hits="0" branch="false"/>
            <line number="417" hits="0" branch="false"/>
            <line number="418" hits="0" branch="false"/>
            <line number="419" hits="0" branch="false"/>
            <line number="421" hits="1" branch="false"/>
            <line number="422" hits="0" branch="false"/>
            <line number="423" hits="0" branch="false"/>
            <line number="424" hits="0" branch="false"/>
            <line number="425" hits="0" branch="false"/>
            <line number="426" hits="0" branch="false"/>
            <line number="427" hits="0" branch="false"/>
            <line number="428" hits="0" branch="false"/>
            <line number="429" hits="0" branch="false"/>
            <line number="433" hits="1" branch="false"/>
            <line number="434" hits="1" branch="false"/>
            <line number="435" hits="1" branch="false"/>
            <line number="436" hits="1" branch="false"/>
            <line number="438" hits="1" branch="false"/>
            <line number="439" hits="0" branch="false"/>
            <line number="440" hits="0" branch="false"/>
            <line number="441" hits="0" branch="false"/>
            <line number="443" hits="1" branch="false"/>
            <line number="444" hits="1" branch="false"/>
            <line number="445" hits="1" branch="false"/>
            <line number="446" hits="1" branch="false"/>
            <line number="449" hits="1" branch="false"/>
            <line number="450" hits="0" branch="false"/>
            <line number="451" hits="0" branch="false"/>
            <line number="452" hits="0" branch="false"/>
            <line number="455" hits="1" branch="false"/>
            <line number="456" hits="0" branch="false"/>
            <line number="457" hits="0" branch="false"/>
            <line number="458" hits="0" branch="false"/>
            <line number="462" hits="1" branch="false"/>
            <line number="504" hits="23" branch="false"/>
            <line number="505" hits="23" branch="false"/>
            <line number="506" hits="23" branch="false"/>
            <line number="507" hits="23" branch="false"/>
            <line number="508" hits="23" branch="false"/>
            <line number="509" hits="23" branch="false"/>
            <line number="510" hits="23" branch="false"/>
            <line number="512" hits="23" branch="false"/>
            <line number="513" hits="23" branch="false"/>
            <line number="516" hits="23" branch="false"/>
            <line number="518" hits="23" branch="false"/>
            <line number="519" hits="1" branch="false"/>
            <line number="520" hits="22" branch="false"/>
            <line number="521" hits="15" branch="false"/>
            <line number="522" hits="7" branch="false"/>
            <line number="523" hits="1" branch="false"/>
            <line number="525" hits="6" branch="false"/>
            <line number="528" hits="23" branch="false"/>
            <line number="530" hits="23" branch="false"/>
            <line number="532" hits="23" branch="false"/>
            <line number="572" hits="3" branch="false"/>
            <line number="573" hits="3" branch="false"/>
            <line number="574" hits="3" branch="false"/>
            <line number="575" hits="3" branch="false"/>
            <line number="576" hits="3" branch="false"/>
            <line number="577" hits="3" branch="false"/>
            <line number="579" hits="3" branch="false"/>
            <line number="580" hits="3" branch="false"/>
            <line number="583" hits="3" branch="false"/>
            <line number="585" hits="3" branch="false"/>
            <line number="586" hits="3" branch="false"/>
            <line number="587" hits="3" branch="false"/>
            <line number="588" hits="3" branch="false"/>
            <line number="589" hits="3" branch="false"/>
            <line number="590" hits="3" branch="false"/>
            <line number="591" hits="3" branch="false"/>
            <line number="592" hits="3" branch="false"/>
            <line number="593" hits="3" branch="false"/>
            <line number="594" hits="3" branch="false"/>
            <line number="596" hits="3" branch="false"/>
            <line number="598" hits="3" branch="false"/>
            <line number="600" hits="3" branch="false"/>
            <line number="615" hits="6" branch="false"/>
            <line number="616" hits="6" branch="false"/>
            <line number="617" hits="6" branch="false"/>
            <line number="619" hits="6" branch="false"/>
            <line number="620" hits="6" branch="false"/>
            <line number="621" hits="6" branch="false"/>
            <line number="622" hits="6" branch="false"/>
            <line number="623" hits="6" branch="false"/>
            <line number="624" hits="6" branch="false"/>
            <line number="625" hits="6" branch="false"/>
            <line number="626" hits="6" branch="false"/>
            <line number="627" hits="6" branch="false"/>
            <line number="628" hits="6" branch="false"/>
            <line number="630" hits="6" branch="false"/>
            <line number="631" hits="6" branch="false"/>
            <line number="637" hits="6" branch="false"/>
            <line number="669" hits="6" branch="false"/>
            <line number="670" hits="6" branch="false"/>
            <line number="671" hits="6" branch="false"/>
            <line number="672" hits="6" branch="false"/>
            <line number="674" hits="6" branch="false"/>
            <line number="676" hits="6" branch="false"/>
            <line number="677" hits="6" branch="false"/>
            <line number="679" hits="6" branch="false"/>
            <line number="680" hits="1" branch="false"/>
            <line number="681" hits="1" branch="false"/>
            <line number="683" hits="5" branch="false"/>
            <line number="684" hits="5" branch="false"/>
            <line number="687" hits="6" branch="false"/>
            <line number="688" hits="6" branch="false"/>
            <line number="690" hits="6" branch="false"/>
            <line number="718" hits="17" branch="false"/>
            <line number="719" hits="17" branch="false"/>
            <line number="720" hits="17" branch="false"/>
            <line number="721" hits="17" branch="false"/>
            <line number="722" hits="17" branch="false"/>
            <line number="723" hits="17" branch="false"/>
            <line number="724" hits="17" branch="false"/>
            <line number="725" hits="17" branch="false"/>
            <line number="726" hits="17" branch="false"/>
            <line number="727" hits="17" branch="false"/>
            <line number="737" hits="41" branch="false"/>
            <line number="740" hits="38" branch="false"/>
            <line number="743" hits="38" branch="false"/>
            <line number="746" hits="36" branch="false"/>
            <line number="747" hits="36" branch="false"/>
            <line number="748" hits="36" branch="false"/>
            <line number="749" hits="36" branch="false"/>
            <line number="750" hits="36" branch="false"/>
            <line number="753" hits="36" branch="false"/>
            <line number="754" hits="36" branch="false"/>
            <line number="757" hits="36" branch="false"/>
            <line number="758" hits="36" branch="false"/>
            <line number="759" hits="35" branch="false"/>
            <line number="763" hits="36" branch="false"/>
            <line number="764" hits="36" branch="false"/>
            <line number="765" hits="36" branch="false"/>
            <line number="768" hits="36" branch="false"/>
            <line number="769" hits="1" branch="false"/>
            <line number="772" hits="35" branch="false"/>
            <line number="773" hits="35" branch="false"/>
            <line number="774" hits="35" branch="false"/>
            <line number="775" hits="35" branch="false"/>
            <line number="776" hits="35" branch="false"/>
            <line number="777" hits="35" branch="false"/>
            <line number="778" hits="35" branch="false"/>
            <line number="783" hits="104" branch="false"/>
            <line number="784" hits="104" branch="false"/>
            <line number="785" hits="104" branch="false"/>
            <line number="786" hits="104" branch="false"/>
            <line number="787" hits="104" branch="false"/>
            <line number="788" hits="104" branch="false"/>
            <line number="789" hits="104" branch="false"/>
            <line number="790" hits="104" branch="false"/>
            <line number="795" hits="54" branch="false"/>
            <line number="800" hits="14" branch="false"/>
            <line number="801" hits="14" branch="false"/>
            <line number="802" hits="14" branch="false"/>
            <line number="803" hits="14" branch="false"/>
            <line number="808" hits="36" branch="false"/>
            <line number="809" hits="36" branch="false"/>
            <line number="810" hits="36" branch="false"/>
            <line number="811" hits="36" branch="false"/>
            <line number="818" hits="4" branch="false"/>
            <line number="821" hits="4" branch="false"/>
            <line number="822" hits="4" branch="false"/>
            <line number="823" hits="4" branch="false"/>
            <line number="824" hits="1" branch="false"/>
            <line number="825" hits="1" branch="false"/>
            <line number="826" hits="1" branch="false"/>
            <line number="827" hits="1" branch="false"/>
            <line number="828" hits="1" branch="false"/>
            <line number="829" hits="1" branch="false"/>
            <line number="830" hits="1" branch="false"/>
            <line number="831" hits="1" branch="false"/>
            <line number="832" hits="1" branch="false"/>
            <line number="835" hits="3" branch="false"/>
            <line number="836" hits="3" branch="false"/>
            <line number="837" hits="1" branch="false"/>
            <line number="838" hits="1" branch="false"/>
            <line number="839" hits="1" branch="false"/>
            <line number="840" hits="1" branch="false"/>
            <line number="841" hits="1" branch="false"/>
            <line number="842" hits="1" branch="false"/>
            <line number="843" hits="1" branch="false"/>
            <line number="846" hits="2" branch="false"/>
            <line number="851" hits="67" branch="false"/>
            <line number="856" hits="43" branch="false"/>
            <line number="861" hits="19" branch="false"/>
            <line number="866" hits="5" branch="false"/>
            <line number="870" hits="48" branch="false"/>
          </lines>
        </class>
        <class name="locf.R" filename="R/locf.R" line-rate="1" branch-rate="0" complexity="0">
          <methods>
            <method name="zipFastener" signature="" line-rate="1" branch-rate="0" complexity="0">
              <lines>
                <line number="24" hits="8" branch="false"/>
                <line number="25" hits="1" branch="false"/>
                <line number="28" hits="7" branch="false"/>
                <line number="29" hits="7" branch="false"/>
                <line number="31" hits="7" branch="false"/>
                <line number="32" hits="1" branch="false"/>
                <line number="36" hits="6" branch="false"/>
                <line number="37" hits="6" branch="false"/>
                <line number="40" hits="6" branch="false"/>
                <line number="41" hits="6" branch="false"/>
                <line number="43" hits="6" branch="false"/>
                <line number="44" hits="6" branch="false"/>
                <line number="46" hits="6" branch="false"/>
              </lines>
            </method>
            <method name="locf.binned" signature="" line-rate="1" branch-rate="0" complexity="0">
              <lines>
                <line number="63" hits="4" branch="false"/>
                <line number="65" hits="4" branch="false"/>
                <line number="66" hits="4" branch="false"/>
                <line number="67" hits="4" branch="false"/>
                <line number="69" hits="4" branch="false"/>
              </lines>
            </method>
            <method name="locf.pava" signature="" line-rate="1" branch-rate="0" complexity="0">
              <lines>
                <line number="86" hits="2" branch="false"/>
                <line number="87" hits="2" branch="false"/>
                <line number="90" hits="2" branch="false"/>
                <line number="91" hits="2" branch="false"/>
                <line number="94" hits="2" branch="false"/>
                <line number="95" hits="2" branch="false"/>
                <line number="97" hits="2" branch="false"/>
                <line number="99" hits="2" branch="false"/>
                <line number="100" hits="2" branch="false"/>
                <line number="101" hits="2" branch="false"/>
                <line number="102" hits="2" branch="false"/>
                <line number="105" hits="2" branch="false"/>
                <line number="106" hits="2" branch="false"/>
                <line number="108" hits="2" branch="false"/>
              </lines>
            </method>
            <method name="locf" signature="" line-rate="1" branch-rate="0" complexity="0">
              <lines>
                <line number="126" hits="4" branch="false"/>
                <line number="127" hits="4" branch="false"/>
                <line number="128" hits="4" branch="false"/>
                <line number="131" hits="4" branch="false"/>
                <line number="132" hits="2" branch="false"/>
                <line number="133" hits="2" branch="false"/>
                <line number="137" hits="4" branch="false"/>
                <line number="138" hits="4" branch="false"/>
                <line number="139" hits="4" branch="false"/>
                <line number="141" hits="4" branch="false"/>
                <line number="143" hits="4" branch="false"/>
              </lines>
            </method>
          </methods>
          <lines>
            <line number="24" hits="8" branch="false"/>
            <line number="25" hits="1" branch="false"/>
            <line number="28" hits="7" branch="false"/>
            <line number="29" hits="7" branch="false"/>
            <line number="31" hits="7" branch="false"/>
            <line number="32" hits="1" branch="false"/>
            <line number="36" hits="6" branch="false"/>
            <line number="37" hits="6" branch="false"/>
            <line number="40" hits="6" branch="false"/>
            <line number="41" hits="6" branch="false"/>
            <line number="43" hits="6" branch="false"/>
            <line number="44" hits="6" branch="false"/>
            <line number="46" hits="6" branch="false"/>
            <line number="63" hits="4" branch="false"/>
            <line number="65" hits="4" branch="false"/>
            <line number="66" hits="4" branch="false"/>
            <line number="67" hits="4" branch="false"/>
            <line number="69" hits="4" branch="false"/>
            <line number="86" hits="2" branch="false"/>
            <line number="87" hits="2" branch="false"/>
            <line number="90" hits="2" branch="false"/>
            <line number="91" hits="2" branch="false"/>
            <line number="94" hits="2" branch="false"/>
            <line number="95" hits="2" branch="false"/>
            <line number="97" hits="2" branch="false"/>
            <line number="99" hits="2" branch="false"/>
            <line number="100" hits="2" branch="false"/>
            <line number="101" hits="2" branch="false"/>
            <line number="102" hits="2" branch="false"/>
            <line number="105" hits="2" branch="false"/>
            <line number="106" hits="2" branch="false"/>
            <line number="108" hits="2" branch="false"/>
            <line number="126" hits="4" branch="false"/>
            <line number="127" hits="4" branch="false"/>
            <line number="128" hits="4" branch="false"/>
            <line number="131" hits="4" branch="false"/>
            <line number="132" hits="2" branch="false"/>
            <line number="133" hits="2" branch="false"/>
            <line number="137" hits="4" branch="false"/>
            <line number="138" hits="4" branch="false"/>
            <line number="139" hits="4" branch="false"/>
            <line number="141" hits="4" branch="false"/>
            <line number="143" hits="4" branch="false"/>
          </lines>
        </class>
        <class name="PV.R" filename="R/PV.R" line-rate="1" branch-rate="0" complexity="0">
          <methods>
            <method name="getPVdata" signature="" line-rate="1" branch-rate="0" complexity="0">
              <lines>
                <line number="6" hits="16" branch="false"/>
                <line number="7" hits="5" branch="false"/>
                <line number="8" hits="5" branch="false"/>
                <line number="10" hits="11" branch="false"/>
                <line number="14" hits="16" branch="false"/>
                <line number="15" hits="4" branch="false"/>
                <line number="16" hits="4" branch="false"/>
                <line number="17" hits="4" branch="false"/>
                <line number="21" hits="16" branch="false"/>
                <line number="23" hits="16" branch="false"/>
              </lines>
            </method>
            <method name="nonParametricPV" signature="" line-rate="1" branch-rate="0" complexity="0">
              <lines>
                <line number="30" hits="11" branch="false"/>
                <line number="32" hits="11" branch="false"/>
                <line number="34" hits="11" branch="false"/>
                <line number="35" hits="11" branch="false"/>
                <line number="36" hits="11" branch="false"/>
                <line number="37" hits="11" branch="false"/>
                <line number="38" hits="11" branch="false"/>
                <line number="39" hits="11" branch="false"/>
                <line number="40" hits="11" branch="false"/>
                <line number="41" hits="11" branch="false"/>
                <line number="42" hits="11" branch="false"/>
                <line number="43" hits="11" branch="false"/>
                <line number="44" hits="11" branch="false"/>
                <line number="46" hits="11" branch="false"/>
                <line number="47" hits="11" branch="false"/>
                <line number="48" hits="11" branch="false"/>
                <line number="49" hits="11" branch="false"/>
                <line number="50" hits="11" branch="false"/>
                <line number="51" hits="11" branch="false"/>
                <line number="52" hits="11" branch="false"/>
                <line number="53" hits="11" branch="false"/>
                <line number="54" hits="11" branch="false"/>
                <line number="55" hits="11" branch="false"/>
                <line number="56" hits="11" branch="false"/>
                <line number="58" hits="11" branch="false"/>
                <line number="59" hits="11" branch="false"/>
                <line number="60" hits="11" branch="false"/>
                <line number="61" hits="11" branch="false"/>
                <line number="62" hits="11" branch="false"/>
                <line number="63" hits="11" branch="false"/>
                <line number="64" hits="11" branch="false"/>
                <line number="65" hits="11" branch="false"/>
                <line number="66" hits="11" branch="false"/>
                <line number="67" hits="11" branch="false"/>
                <line number="68" hits="11" branch="false"/>
                <line number="70" hits="11" branch="false"/>
              </lines>
            </method>
            <method name="parametricPV" signature="" line-rate="1" branch-rate="0" complexity="0">
              <lines>
                <line number="78" hits="16" branch="false"/>
                <line number="79" hits="16" branch="false"/>
                <line number="80" hits="16" branch="false"/>
                <line number="81" hits="16" branch="false"/>
                <line number="82" hits="16" branch="false"/>
                <line number="83" hits="16" branch="false"/>
                <line number="84" hits="16" branch="false"/>
                <line number="85" hits="16" branch="false"/>
                <line number="86" hits="16" branch="false"/>
                <line number="87" hits="16" branch="false"/>
                <line number="88" hits="16" branch="false"/>
                <line number="89" hits="16" branch="false"/>
                <line number="90" hits="16" branch="false"/>
                <line number="93" hits="16" branch="false"/>
                <line number="94" hits="16" branch="false"/>
                <line number="95" hits="16" branch="false"/>
                <line number="96" hits="16" branch="false"/>
                <line number="97" hits="16" branch="false"/>
                <line number="98" hits="16" branch="false"/>
                <line number="99" hits="16" branch="false"/>
                <line number="102" hits="16" branch="false"/>
                <line number="103" hits="16" branch="false"/>
                <line number="104" hits="16" branch="false"/>
                <line number="105" hits="16" branch="false"/>
                <line number="106" hits="16" branch="false"/>
                <line number="108" hits="16" branch="false"/>
              </lines>
            </method>
            <method name="predictionColours" signature="" line-rate="1" branch-rate="0" complexity="0">
              <lines>
                <line number="114" hits="13" branch="false"/>
                <line number="115" hits="13" branch="false"/>
                <line number="116" hits="13" branch="false"/>
                <line number="117" hits="13" branch="false"/>
                <line number="118" hits="13" branch="false"/>
                <line number="119" hits="13" branch="false"/>
                <line number="120" hits="13" branch="false"/>
                <line number="121" hits="13" branch="false"/>
                <line number="122" hits="13" branch="false"/>
                <line number="123" hits="13" branch="false"/>
                <line number="124" hits="10" branch="false"/>
                <line number="126" hits="13" branch="false"/>
              </lines>
            </method>
            <method name="nonParametricTR" signature="" line-rate="1" branch-rate="0" complexity="0">
              <lines>
                <line number="134" hits="9" branch="false"/>
                <line number="137" hits="9" branch="false"/>
                <line number="138" hits="9" branch="false"/>
                <line number="139" hits="9" branch="false"/>
                <line number="140" hits="9" branch="false"/>
                <line number="141" hits="9" branch="false"/>
                <line number="142" hits="9" branch="false"/>
                <line number="143" hits="9" branch="false"/>
                <line number="144" hits="9" branch="false"/>
                <line number="145" hits="9" branch="false"/>
                <line number="146" hits="9" branch="false"/>
                <line number="147" hits="9" branch="false"/>
                <line number="149" hits="9" branch="false"/>
                <line number="150" hits="9" branch="false"/>
                <line number="151" hits="9" branch="false"/>
                <line number="152" hits="9" branch="false"/>
                <line number="153" hits="9" branch="false"/>
                <line number="154" hits="9" branch="false"/>
                <line number="155" hits="9" branch="false"/>
                <line number="156" hits="9" branch="false"/>
                <line number="157" hits="9" branch="false"/>
                <line number="158" hits="9" branch="false"/>
                <line number="159" hits="9" branch="false"/>
                <line number="162" hits="9" branch="false"/>
                <line number="163" hits="9" branch="false"/>
                <line number="164" hits="9" branch="false"/>
                <line number="165" hits="9" branch="false"/>
[...]
            <line number="112" hits="7" branch="false"/>
            <line number="113" hits="7" branch="false"/>
            <line number="114" hits="7" branch="false"/>
            <line number="115" hits="7" branch="false"/>
            <line number="116" hits="7" branch="false"/>
            <line number="117" hits="7" branch="false"/>
            <line number="118" hits="7" branch="false"/>
            <line number="119" hits="7" branch="false"/>
            <line number="120" hits="7" branch="false"/>
            <line number="121" hits="7" branch="false"/>
            <line number="122" hits="7" branch="false"/>
            <line number="123" hits="7" branch="false"/>
            <line number="124" hits="7" branch="false"/>
            <line number="126" hits="7" branch="false"/>
            <line number="127" hits="7" branch="false"/>
            <line number="130" hits="7" branch="false"/>
          </lines>
        </class>
        <class name="utils.R" filename="R/utils.R" line-rate="1" branch-rate="0" complexity="0">
          <methods>
            <method name="inputCheck" signature="" line-rate="1" branch-rate="0" complexity="0">
              <lines>
                <line number="24" hits="41" branch="false"/>
                <line number="25" hits="1" branch="false"/>
                <line number="29" hits="40" branch="false"/>
                <line number="30" hits="33" branch="false"/>
                <line number="34" hits="40" branch="false"/>
                <line number="35" hits="1" branch="false"/>
                <line number="39" hits="39" branch="false"/>
                <line number="40" hits="1" branch="false"/>
                <line number="44" hits="38" branch="false"/>
                <line number="45" hits="1" branch="false"/>
                <line number="49" hits="37" branch="false"/>
                <line number="50" hits="2" branch="false"/>
                <line number="51" hits="2" branch="false"/>
                <line number="52" hits="2" branch="false"/>
                <line number="53" hits="2" branch="false"/>
                <line number="54" hits="2" branch="false"/>
                <line number="55" hits="2" branch="false"/>
                <line number="56" hits="2" branch="false"/>
                <line number="60" hits="37" branch="false"/>
                <line number="61" hits="1" branch="false"/>
                <line number="65" hits="36" branch="false"/>
                <line number="66" hits="2" branch="false"/>
                <line number="67" hits="2" branch="false"/>
                <line number="68" hits="2" branch="false"/>
                <line number="69" hits="2" branch="false"/>
                <line number="70" hits="2" branch="false"/>
                <line number="71" hits="2" branch="false"/>
                <line number="72" hits="2" branch="false"/>
                <line number="73" hits="2" branch="false"/>
                <line number="78" hits="36" branch="false"/>
                <line number="79" hits="1" branch="false"/>
                <line number="80" hits="1" branch="false"/>
                <line number="81" hits="1" branch="false"/>
                <line number="82" hits="1" branch="false"/>
                <line number="83" hits="1" branch="false"/>
                <line number="84" hits="1" branch="false"/>
                <line number="87" hits="36" branch="false"/>
              </lines>
            </method>
            <method name="orderInputs" signature="" line-rate="1" branch-rate="0" complexity="0">
              <lines>
                <line number="104" hits="33" branch="false"/>
                <line number="105" hits="33" branch="false"/>
                <line number="106" hits="6" branch="false"/>
                <line number="108" hits="33" branch="false"/>
                <line number="109" hits="33" branch="false"/>
              </lines>
            </method>
            <method name="methodCheck" signature="" line-rate="1" branch-rate="0" complexity="0">
              <lines>
                <line number="129" hits="54" branch="false"/>
                <line number="130" hits="1" branch="false"/>
                <line number="134" hits="54" branch="false"/>
                <line number="137" hits="32" branch="false"/>
                <line number="138" hits="32" branch="false"/>
                <line number="141" hits="32" branch="false"/>
                <line number="142" hits="1" branch="false"/>
                <line number="146" hits="31" branch="false"/>
                <line number="147" hits="2" branch="false"/>
                <line number="148" hits="2" branch="false"/>
                <line number="149" hits="2" branch="false"/>
                <line number="150" hits="2" branch="false"/>
                <line number="151" hits="2" branch="false"/>
                <line number="152" hits="2" branch="false"/>
                <line number="156" hits="29" branch="false"/>
                <line number="161" hits="22" branch="false"/>
                <line number="164" hits="20" branch="false"/>
                <line number="165" hits="1" branch="false"/>
                <line number="169" hits="19" branch="false"/>
                <line number="172" hits="2" branch="false"/>
                <line number="173" hits="2" branch="false"/>
                <line number="174" hits="2" branch="false"/>
                <line number="175" hits="2" branch="false"/>
                <line number="176" hits="2" branch="false"/>
                <line number="177" hits="2" branch="false"/>
                <line number="180" hits="42" branch="false"/>
              </lines>
            </method>
            <method name="listMethodCheck" signature="" line-rate="1" branch-rate="0" complexity="0">
              <lines>
                <line number="185" hits="25" branch="false"/>
              </lines>
            </method>
            <method name="listMethodCheck.list" signature="" line-rate="1" branch-rate="0" complexity="0">
              <lines>
                <line number="192" hits="20" branch="false"/>
                <line number="193" hits="1" branch="false"/>
                <line number="197" hits="19" branch="false"/>
                <line number="198" hits="2" branch="false"/>
                <line number="199" hits="2" branch="false"/>
                <line number="200" hits="2" branch="false"/>
                <line number="201" hits="2" branch="false"/>
                <line number="202" hits="2" branch="false"/>
                <line number="203" hits="2" branch="false"/>
                <line number="204" hits="2" branch="false"/>
                <line number="208" hits="17" branch="false"/>
                <line number="211" hits="17" branch="false"/>
                <line number="212" hits="17" branch="false"/>
                <line number="213" hits="17" branch="false"/>
                <line number="214" hits="17" branch="false"/>
                <line number="215" hits="17" branch="false"/>
                <line number="216" hits="2" branch="false"/>
                <line number="217" hits="2" branch="false"/>
                <line number="218" hits="2" branch="false"/>
                <line number="219" hits="2" branch="false"/>
                <line number="220" hits="2" branch="false"/>
                <line number="221" hits="2" branch="false"/>
                <line number="222" hits="2" branch="false"/>
                <line number="223" hits="2" branch="false"/>
                <line number="226" hits="15" branch="false"/>
              </lines>
            </method>
            <method name="listMethodCheck.function" signature="" line-rate="1" branch-rate="0" complexity="0">
              <lines>
                <line number="233" hits="4" branch="false"/>
                <line number="234" hits="2" branch="false"/>
                <line number="235" hits="2" branch="false"/>
                <line number="236" hits="2" branch="false"/>
                <line number="237" hits="2" branch="false"/>
                <line number="238" hits="2" branch="false"/>
                <line number="239" hits="2" branch="false"/>
                <line number="242" hits="2" branch="false"/>
              </lines>
            </method>
            <method name="listMethodCheck.default" signature="" line-rate="1" branch-rate="0" complexity="0">
              <lines>
                <line number="247" hits="1" branch="false"/>
                <line number="248" hits="1" branch="false"/>
                <line number="249" hits="1" branch="false"/>
                <line number="250" hits="1" branch="false"/>
                <line number="251" hits="1" branch="false"/>
              </lines>
            </method>
            <method name="matchArgSubset" signature="" line-rate="1" branch-rate="0" complexity="0">
              <lines>
                <line number="257" hits="24" branch="false"/>
                <line number="258" hits="24" branch="false"/>
                <line number="259" hits="24" branch="false"/>
                <line number="260" hits="60" branch="false"/>
                <line number="261" hits="60" branch="false"/>
                <line number="262" hits="60" branch="false"/>
                <line number="263" hits="60" branch="false"/>
                <line number="264" hits="60" branch="false"/>
                <line number="266" hits="24" branch="false"/>
              </lines>
            </method>
            <method name="add0thPercPC" signature="" line-rate="1" branch-rate="0" complexity="0">
              <lines>
                <line number="271" hits="11" branch="false"/>
                <line number="272" hits="11" branch="false"/>
                <line number="273" hits="11" branch="false"/>
                <line number="274" hits="11" branch="false"/>
                <line number="275" hits="11" branch="false"/>
                <line number="276" hits="11" branch="false"/>
                <line number="277" hits="11" branch="false"/>
                <line number="278" hits="11" branch="false"/>
                <line number="279" hits="11" branch="false"/>
                <line number="280" hits="11" branch="false"/>
                <line number="281" hits="11" branch="false"/>
                <line number="282" hits="11" branch="false"/>
                <line number="283" hits="11" branch="false"/>
                <line number="284" hits="11" branch="false"/>
              </lines>
            </method>
            <method name="add0thPercPV" signature="" line-rate="1" branch-rate="0" complexity="0">
              <lines>
                <line number="289" hits="13" branch="false"/>
                <line number="290" hits="13" branch="false"/>
                <line number="291" hits="13" branch="false"/>
                <line number="292" hits="13" branch="false"/>
                <line number="293" hits="13" branch="false"/>
                <line number="294" hits="13" branch="false"/>
                <line number="295" hits="13" branch="false"/>
                <line number="296" hits="13" branch="false"/>
                <line number="297" hits="13" branch="false"/>
                <line number="298" hits="13" branch="false"/>
                <line number="299" hits="13" branch="false"/>
                <line number="300" hits="13" branch="false"/>
                <line number="301" hits="13" branch="false"/>
                <line number="302" hits="13" branch="false"/>
              </lines>
            </method>
          </methods>
          <lines>
            <line number="24" hits="41" branch="false"/>
            <line number="25" hits="1" branch="false"/>
            <line number="29" hits="40" branch="false"/>
            <line number="30" hits="33" branch="false"/>
            <line number="34" hits="40" branch="false"/>
            <line number="35" hits="1" branch="false"/>
            <line number="39" hits="39" branch="false"/>
            <line number="40" hits="1" branch="false"/>
            <line number="44" hits="38" branch="false"/>
            <line number="45" hits="1" branch="false"/>
            <line number="49" hits="37" branch="false"/>
            <line number="50" hits="2" branch="false"/>
            <line number="51" hits="2" branch="false"/>
            <line number="52" hits="2" branch="false"/>
            <line number="53" hits="2" branch="false"/>
            <line number="54" hits="2" branch="false"/>
            <line number="55" hits="2" branch="false"/>
            <line number="56" hits="2" branch="false"/>
            <line number="60" hits="37" branch="false"/>
            <line number="61" hits="1" branch="false"/>
            <line number="65" hits="36" branch="false"/>
            <line number="66" hits="2" branch="false"/>
            <line number="67" hits="2" branch="false"/>
            <line number="68" hits="2" branch="false"/>
            <line number="69" hits="2" branch="false"/>
            <line number="70" hits="2" branch="false"/>
            <line number="71" hits="2" branch="false"/>
            <line number="72" hits="2" branch="false"/>
            <line number="73" hits="2" branch="false"/>
            <line number="78" hits="36" branch="false"/>
            <line number="79" hits="1" branch="false"/>
            <line number="80" hits="1" branch="false"/>
            <line number="81" hits="1" branch="false"/>
            <line number="82" hits="1" branch="false"/>
            <line number="83" hits="1" branch="false"/>
            <line number="84" hits="1" branch="false"/>
            <line number="87" hits="36" branch="false"/>
            <line number="104" hits="33" branch="false"/>
            <line number="105" hits="33" branch="false"/>
            <line number="106" hits="6" branch="false"/>
            <line number="108" hits="33" branch="false"/>
            <line number="109" hits="33" branch="false"/>
            <line number="129" hits="54" branch="false"/>
            <line number="130" hits="1" branch="false"/>
            <line number="134" hits="54" branch="false"/>
            <line number="137" hits="32" branch="false"/>
            <line number="138" hits="32" branch="false"/>
            <line number="141" hits="32" branch="false"/>
            <line number="142" hits="1" branch="false"/>
            <line number="146" hits="31" branch="false"/>
            <line number="147" hits="2" branch="false"/>
            <line number="148" hits="2" branch="false"/>
            <line number="149" hits="2" branch="false"/>
            <line number="150" hits="2" branch="false"/>
            <line number="151" hits="2" branch="false"/>
            <line number="152" hits="2" branch="false"/>
            <line number="156" hits="29" branch="false"/>
            <line number="161" hits="22" branch="false"/>
            <line number="164" hits="20" branch="false"/>
            <line number="165" hits="1" branch="false"/>
            <line number="169" hits="19" branch="false"/>
            <line number="172" hits="2" branch="false"/>
            <line number="173" hits="2" branch="false"/>
            <line number="174" hits="2" branch="false"/>
            <line number="175" hits="2" branch="false"/>
            <line number="176" hits="2" branch="false"/>
            <line number="177" hits="2" branch="false"/>
            <line number="180" hits="42" branch="false"/>
            <line number="185" hits="25" branch="false"/>
            <line number="192" hits="20" branch="false"/>
            <line number="193" hits="1" branch="false"/>
            <line number="197" hits="19" branch="false"/>
            <line number="198" hits="2" branch="false"/>
            <line number="199" hits="2" branch="false"/>
            <line number="200" hits="2" branch="false"/>
            <line number="201" hits="2" branch="false"/>
            <line number="202" hits="2" branch="false"/>
            <line number="203" hits="2" branch="false"/>
            <line number="204" hits="2" branch="false"/>
            <line number="208" hits="17" branch="false"/>
            <line number="211" hits="17" branch="false"/>
            <line number="212" hits="17" branch="false"/>
            <line number="213" hits="17" branch="false"/>
            <line number="214" hits="17" branch="false"/>
            <line number="215" hits="17" branch="false"/>
            <line number="216" hits="2" branch="false"/>
            <line number="217" hits="2" branch="false"/>
            <line number="218" hits="2" branch="false"/>
            <line number="219" hits="2" branch="false"/>
            <line number="220" hits="2" branch="false"/>
            <line number="221" hits="2" branch="false"/>
            <line number="222" hits="2" branch="false"/>
            <line number="223" hits="2" branch="false"/>
            <line number="226" hits="15" branch="false"/>
            <line number="233" hits="4" branch="false"/>
            <line number="234" hits="2" branch="false"/>
            <line number="235" hits="2" branch="false"/>
            <line number="236" hits="2" branch="false"/>
            <line number="237" hits="2" branch="false"/>
            <line number="238" hits="2" branch="false"/>
            <line number="239" hits="2" branch="false"/>
            <line number="242" hits="2" branch="false"/>
            <line number="247" hits="1" branch="false"/>
            <line number="248" hits="1" branch="false"/>
            <line number="249" hits="1" branch="false"/>
            <line number="250" hits="1" branch="false"/>
            <line number="251" hits="1" branch="false"/>
            <line number="257" hits="24" branch="false"/>
            <line number="258" hits="24" branch="false"/>
            <line number="259" hits="24" branch="false"/>
            <line number="260" hits="60" branch="false"/>
            <line number="261" hits="60" branch="false"/>
            <line number="262" hits="60" branch="false"/>
            <line number="263" hits="60" branch="false"/>
            <line number="264" hits="60" branch="false"/>
            <line number="266" hits="24" branch="false"/>
            <line number="271" hits="11" branch="false"/>
            <line number="272" hits="11" branch="false"/>
            <line number="273" hits="11" branch="false"/>
            <line number="274" hits="11" branch="false"/>
            <line number="275" hits="11" branch="false"/>
            <line number="276" hits="11" branch="false"/>
            <line number="277" hits="11" branch="false"/>
            <line number="278" hits="11" branch="false"/>
            <line number="279" hits="11" branch="false"/>
            <line number="280" hits="11" branch="false"/>
            <line number="281" hits="11" branch="false"/>
            <line number="282" hits="11" branch="false"/>
            <line number="283" hits="11" branch="false"/>
            <line number="284" hits="11" branch="false"/>
            <line number="289" hits="13" branch="false"/>
            <line number="290" hits="13" branch="false"/>
            <line number="291" hits="13" branch="false"/>
            <line number="292" hits="13" branch="false"/>
            <line number="293" hits="13" branch="false"/>
            <line number="294" hits="13" branch="false"/>
            <line number="295" hits="13" branch="false"/>
            <line number="296" hits="13" branch="false"/>
            <line number="297" hits="13" branch="false"/>
            <line number="298" hits="13" branch="false"/>
            <line number="299" hits="13" branch="false"/>
            <line number="300" hits="13" branch="false"/>
            <line number="301" hits="13" branch="false"/>
            <line number="302" hits="13" branch="false"/>
          </lines>
        </class>
      </classes>
    </package>
  </packages>
</coverage>
